0 info it worked if it ends with ok
1 verbose cli [ '/usr/bin/nodejs',
1 verbose cli   '/usr/bin/npm',
1 verbose cli   'install',
1 verbose cli   'ngStorage',
1 verbose cli   '--save' ]
2 info using npm@1.3.10
3 info using node@v0.10.25
4 verbose readDependencies using package.json deps
5 verbose cache add [ 'ngStorage', null ]
6 verbose cache add name=undefined spec="ngStorage" args=["ngStorage",null]
7 verbose parsed url { protocol: null,
7 verbose parsed url   slashes: null,
7 verbose parsed url   auth: null,
7 verbose parsed url   host: null,
7 verbose parsed url   port: null,
7 verbose parsed url   hostname: null,
7 verbose parsed url   hash: null,
7 verbose parsed url   search: null,
7 verbose parsed url   query: null,
7 verbose parsed url   pathname: 'ngStorage',
7 verbose parsed url   path: 'ngStorage',
7 verbose parsed url   href: 'ngStorage' }
8 silly lockFile d372c7e0-ngStorage ngStorage
9 verbose lock ngStorage /home/tauhid/.npm/d372c7e0-ngStorage.lock
10 silly lockFile d372c7e0-ngStorage ngStorage
11 silly lockFile d372c7e0-ngStorage ngStorage
12 verbose addNamed [ 'ngStorage', '' ]
13 verbose addNamed [ null, '*' ]
14 silly lockFile 219aff1d-ngStorage ngStorage@
15 verbose lock ngStorage@ /home/tauhid/.npm/219aff1d-ngStorage.lock
16 silly addNameRange { name: 'ngStorage', range: '*', hasData: false }
17 verbose url raw ngStorage
18 verbose url resolving [ 'https://registry.npmjs.org/', './ngStorage' ]
19 verbose url resolved https://registry.npmjs.org/ngStorage
20 info trying registry request attempt 1 at 16:01:28
21 http GET https://registry.npmjs.org/ngStorage
22 http 404 https://registry.npmjs.org/ngStorage
23 silly registry.get cb [ 404,
23 silly registry.get   { 'content-type': 'application/json',
23 silly registry.get     'cache-control': 'max-age=0',
23 silly registry.get     'content-length': '2',
23 silly registry.get     'accept-ranges': 'bytes',
23 silly registry.get     date: 'Thu, 30 Jun 2016 10:31:30 GMT',
23 silly registry.get     via: '1.1 varnish',
23 silly registry.get     age: '0',
23 silly registry.get     connection: 'keep-alive',
23 silly registry.get     'x-served-by': 'cache-sin6923-SIN',
23 silly registry.get     'x-cache': 'MISS',
23 silly registry.get     'x-cache-hits': '0',
23 silly registry.get     'x-timer': 'S1467282690.038727,VS0,VE855',
23 silly registry.get     vary: 'Accept-Encoding' } ]
24 silly addNameRange number 2 { name: 'ngStorage', range: '*', hasData: true }
25 silly addNameRange versions [ undefined, [] ]
26 error TypeError: Cannot read property 'latest' of undefined
26 error     at next (/usr/share/npm/lib/cache.js:687:35)
26 error     at /usr/share/npm/lib/cache.js:675:5
26 error     at saved (/usr/share/npm/node_modules/npm-registry-client/lib/get.js:142:7)
26 error     at /usr/lib/nodejs/graceful-fs/polyfills.js:133:7
26 error     at Object.oncomplete (fs.js:107:15)
27 error If you need help, you may report this log at:
27 error     <http://github.com/isaacs/npm/issues>
27 error or email it to:
27 error     <npm-@googlegroups.com>
28 error System Linux 3.19.0-32-generic
29 error command "/usr/bin/nodejs" "/usr/bin/npm" "install" "ngStorage" "--save"
30 error cwd /home/tauhid/Successive/userApp
31 error node -v v0.10.25
32 error npm -v 1.3.10
33 error type non_object_property_load
34 verbose exit [ 1, true ]
